[debug] [2020-01-08T23:51:34.425Z] ----------------------------------------------------------------------
[debug] [2020-01-08T23:51:34.427Z] Command:       /usr/local/bin/node /usr/local/bin/firebase init
[debug] [2020-01-08T23:51:34.427Z] CLI Version:   7.11.0
[debug] [2020-01-08T23:51:34.427Z] Platform:      darwin
[debug] [2020-01-08T23:51:34.427Z] Node Version:  v8.16.1
[debug] [2020-01-08T23:51:34.428Z] Time:          Wed Jan 08 2020 17:51:34 GMT-0600 (CST)
[debug] [2020-01-08T23:51:34.428Z] ----------------------------------------------------------------------
[debug] [2020-01-08T23:51:34.428Z] 
[debug] [2020-01-08T23:51:34.435Z] > command requires scopes: ["email","openid","https://www.googleapis.com/auth/cloudplatformprojects.readonly","https://www.googleapis.com/auth/firebase","https://www.googleapis.com/auth/cloud-platform"]
[debug] [2020-01-08T23:51:34.435Z] > authorizing via signed-in user
[info] 
     ######## #### ########  ######## ########     ###     ######  ########
     ##        ##  ##     ## ##       ##     ##  ##   ##  ##       ##
     ######    ##  ########  ######   ########  #########  ######  ######
     ##        ##  ##    ##  ##       ##     ## ##     ##       ## ##
     ##       #### ##     ## ######## ########  ##     ##  ######  ########

You're about to initialize a Firebase project in this directory:

  /Users/jessebadgley/projects/planit

Before we get started, keep in mind:

  * You are initializing in an existing Firebase project directory

[info] 
=== Project Setup
[info] 
[info] First, let's associate this project directory with a Firebase project.
[info] You can create multiple project aliases by running firebase use --add, 
[info] but for now we'll just set up a default project.
[info] 
[info] i  .firebaserc already has a default project, using planit-e5a5d.
[debug] [2020-01-08T23:51:40.880Z] >>> HTTP REQUEST GET https://firebase.googleapis.com/v1beta1/projects/planit-e5a5d  
 
[debug] [2020-01-08T23:51:41.120Z] <<< HTTP RESPONSE 200
[info] 
=== Hosting Setup
[info] 
[info] Your public directory is the folder (relative to your project directory) that
[info] will contain Hosting assets to be uploaded with firebase deploy. If you
[info] have a build process for your assets, use your build's output directory.
[info] 
